<?xml version="1.0" encoding="UTF-8"?>
<!-- Generated by org.testng.reporters.JUnitXMLReporter -->
<testsuite hostname="IN4-C51" ignored="0" name="ieTesting" tests="1" failures="0" timestamp="21 May 2019 13:24:02 GMT" time="0.106" errors="0">
  <testcase name="@BeforeSuite loadClassFiles" time="0.0" classname="driver.DriverScript">
    <failure type="org.testng.TestNGException" message="
Parameter &amp;apos;Browser&amp;apos; is required by BeforeSuite on method loadClassFiles but has not been marked @Optional or defined
in C:\Users\sachin.shetty\git\IN4QA\IN4RE\TestNG.xml">
      <![CDATA[org.testng.TestNGException: 
Parameter 'Browser' is required by BeforeSuite on method loadClassFiles but has not been marked @Optional or defined
in C:\Users\sachin.shetty\git\IN4QA\IN4RE\TestNG.xml
... Removed 16 stack frames]]>
    </failure>
  </testcase> <!-- @BeforeSuite loadClassFiles -->
  <testcase name="@BeforeClass preRequisite" time="0.0" classname="driver.DriverScript">
    <skipped/>
  </testcase> <!-- @BeforeClass preRequisite -->
  <testcase name="runTset" time="0.0" classname="driver.DriverScript">
    <skipped/>
  </testcase> <!-- runTset -->
</testsuite> <!-- ieTesting -->
